<?xml version="1.0" encoding="UTF-8"?>
<!-- Generated by org.testng.reporters.JUnitReportReporter -->
<testsuite hostname="ITR5CD2013Y7G" failures="0" tests="2" name="com.gmail.pageTest.LoginPageTest" time="14.076" errors="0" timestamp="2022-10-24T13:58:13 EAT" skipped="0">
  <testcase classname="com.gmail.pageTest.LoginPageTest" name="verifyTitle" time="6.484"/>
  <system-out/>
  <testcase classname="com.gmail.pageTest.LoginPageTest" name="Email" time="7.592"/>
  <system-out/>
</testsuite> <!-- com.gmail.pageTest.LoginPageTest -->
