<?xml version="1.0" encoding="UTF-8"?>
<!-- Generated by org.testng.reporters.JUnitReportReporter -->
<testsuite hostname="ITR5CD2013Y7G" failures="0" tests="1" name="com.gmail.pageTest.WelcomePageTest" time="0.347" errors="0" timestamp="2022-10-24T13:58:13 EAT" skipped="0">
  <testcase classname="com.gmail.pageTest.WelcomePageTest" name="ClickNext" time="0.347"/>
  <system-out/>
</testsuite> <!-- com.gmail.pageTest.WelcomePageTest -->
