<?xml version="1.0" encoding="UTF-8"?>
<!-- Generated by org.testng.reporters.JUnitReportReporter -->
<testsuite hostname="ITR5CD2013Y7G" failures="0" tests="2" name="com.gmail.pageTest.LoginPageTest" time="17.869" errors="0" timestamp="2022-06-23T21:18:02 EAT" skipped="0">
  <testcase classname="com.gmail.pageTest.LoginPageTest" name="verifyTitle" time="9.693"/>
  <system-out/>
  <testcase classname="com.gmail.pageTest.LoginPageTest" name="Email" time="8.176"/>
  <system-out/>
</testsuite> <!-- com.gmail.pageTest.LoginPageTest -->
