<?xml version="1.0" encoding="UTF-8"?>
<!-- Generated by org.testng.reporters.JUnitReportReporter -->
<testsuite hostname="LAPTOP-BE1H93O5" failures="0" tests="2" name="com.gmail.pageTest.LoginPageTest" time="14.765" errors="0" timestamp="2022-11-08T00:29:30 EAT" skipped="0">
  <testcase classname="com.gmail.pageTest.LoginPageTest" name="verifyTitle" time="8.634"/>
  <system-out/>
  <testcase classname="com.gmail.pageTest.LoginPageTest" name="Email" time="6.131"/>
  <system-out/>
</testsuite> <!-- com.gmail.pageTest.LoginPageTest -->
