<?xml version="1.0" encoding="UTF-8"?>
<!-- Generated by org.testng.reporters.JUnitReportReporter -->
<testsuite hostname="ITR5CD2013Y7G" failures="0" tests="2" name="com.gmail.pageTest.LoginPageTest" time="20.107" errors="0" timestamp="2022-06-27T10:08:49 EAT" skipped="0">
  <testcase classname="com.gmail.pageTest.LoginPageTest" name="verifyTitle" time="12.037"/>
  <system-out/>
  <testcase classname="com.gmail.pageTest.LoginPageTest" name="Email" time="8.070"/>
  <system-out/>
</testsuite> <!-- com.gmail.pageTest.LoginPageTest -->
