<?xml version="1.0" encoding="UTF-8"?>
<!-- Generated by org.testng.reporters.JUnitReportReporter -->
<testsuite hostname="LAPTOP-BE1H93O5" failures="0" tests="1" name="com.gmail.pageTest.WelcomePageTest" time="0.325" errors="0" timestamp="2022-08-06T11:01:54 EAT" skipped="0">
  <testcase classname="com.gmail.pageTest.WelcomePageTest" name="ClickNext" time="0.325"/>
  <system-out/>
</testsuite> <!-- com.gmail.pageTest.WelcomePageTest -->
