<?xml version="1.0" encoding="UTF-8"?>
<!-- Generated by org.testng.reporters.JUnitReportReporter -->
<testsuite hostname="ITR5CD2013Y7G" failures="0" tests="1" name="com.gmail.pageTest.WelcomePageTest" time="0.247" errors="0" timestamp="2022-07-01T15:13:35 EAT" skipped="0">
  <testcase classname="com.gmail.pageTest.WelcomePageTest" name="ClickNext" time="0.247"/>
  <system-out/>
</testsuite> <!-- com.gmail.pageTest.WelcomePageTest -->
