<?xml version="1.0" encoding="UTF-8"?>
<!-- Generated by org.testng.reporters.JUnitReportReporter -->
<testsuite hostname="LAPTOP-BE1H93O5" failures="0" tests="2" name="com.gmail.pageTest.LoginPageTest" time="48.522" errors="0" timestamp="2022-11-12T07:41:56 EAT" skipped="0">
  <testcase classname="com.gmail.pageTest.LoginPageTest" name="verifyTitle" time="10.306"/>
  <system-out/>
  <testcase classname="com.gmail.pageTest.LoginPageTest" name="Email" time="38.216"/>
  <system-out/>
</testsuite> <!-- com.gmail.pageTest.LoginPageTest -->
