<?xml version="1.0" encoding="UTF-8"?>
<!-- Generated by org.testng.reporters.JUnitReportReporter -->
<testsuite hostname="LAPTOP-BE1H93O5" failures="0" tests="2" name="com.gmail.pageTest.LoginPageTest" time="11.835" errors="0" timestamp="2022-08-06T11:01:54 EAT" skipped="0">
  <testcase classname="com.gmail.pageTest.LoginPageTest" name="verifyTitle" time="4.594"/>
  <system-out/>
  <testcase classname="com.gmail.pageTest.LoginPageTest" name="Email" time="7.241"/>
  <system-out/>
</testsuite> <!-- com.gmail.pageTest.LoginPageTest -->
