<?xml version="1.0" encoding="UTF-8"?>
<!-- Generated by org.testng.reporters.JUnitReportReporter -->
<testsuite hostname="ITR5CD2013Y7G" failures="0" tests="2" name="com.gmail.pageTest.LoginPageTest" time="13.030" errors="0" timestamp="2022-07-01T15:13:35 EAT" skipped="0">
  <testcase classname="com.gmail.pageTest.LoginPageTest" name="verifyTitle" time="6.232"/>
  <system-out/>
  <testcase classname="com.gmail.pageTest.LoginPageTest" name="Email" time="6.798"/>
  <system-out/>
</testsuite> <!-- com.gmail.pageTest.LoginPageTest -->
