<?xml version="1.0" encoding="UTF-8"?>
<!-- Generated by org.testng.reporters.JUnitReportReporter -->
<testsuite hostname="LAPTOP-BE1H93O5" failures="0" tests="1" name="com.gmail.pageTest.WelcomePageTest" time="0.335" errors="0" timestamp="2022-11-08T00:29:30 EAT" skipped="0">
  <testcase classname="com.gmail.pageTest.WelcomePageTest" name="ClickNext" time="0.335"/>
  <system-out/>
</testsuite> <!-- com.gmail.pageTest.WelcomePageTest -->
